info it worked if it ends with ok
verbose cli [ 'node', '/usr/local/bin/npm', 'install', '-g', 'supervisor' ]
info using npm@1.1.4
info using node@v0.6.12
verbose config file /Users/zak/.npmrc
verbose config file /usr/local/etc/npmrc
verbose config file /usr/local/lib/node_modules/npm/npmrc
verbose cache add [ 'supervisor', null ]
silly cache add: name, spec, args [ undefined, 'supervisor', [ 'supervisor', null ] ]
verbose parsed url { pathname: 'supervisor',
verbose parsed url   path: 'supervisor',
verbose parsed url   href: 'supervisor' }
verbose addNamed [ 'supervisor', '' ]
verbose addNamed [ null, '' ]
silly name, range, hasData [ 'supervisor', '', false ]
verbose raw, before any munging supervisor
verbose url resolving [ 'https://registry.npmjs.org/', './supervisor' ]
verbose url resolved https://registry.npmjs.org/supervisor
http GET https://registry.npmjs.org/supervisor
http 200 https://registry.npmjs.org/supervisor
silly get cb [ 200,
silly get cb   { vary: 'Accept',
silly get cb     server: 'CouchDB/1.2.0 (Erlang OTP/R15B)',
silly get cb     etag: '"4KPK0XGSDMULS6ER6RKADW4E7"',
silly get cb     date: 'Tue, 13 Mar 2012 21:11:23 GMT',
silly get cb     'content-type': 'application/json',
silly get cb     'content-length': '10684' } ]
verbose mkdir (expected) error ENOENT, no such file or directory '/Users/zak/.npm/supervisor'
verbose mkdir done: /Users/zak/.npm/supervisor 755
silly name, range, hasData 2 [ 'supervisor', '', true ]
silly versions [ 'supervisor',
silly versions   [ '0.0.4', '0.0.5', '0.0.6', '0.2.0', '0.3.0' ] ]
verbose bin dist [ '0.6-ares1.7.5-DEV-evundefined-openssl0.9.8r-v83.6.6.24-darwin-x64-11.3.0',
verbose bin dist   { shasum: 'f522372289835c419e7210824357dd5aaad29638',
verbose bin dist     tarball: 'http://registry.npmjs.org/supervisor/-/supervisor-0.3.0.tgz' } ]
verbose addRemoteTarball [ 'https://registry.npmjs.org/supervisor/-/supervisor-0.3.0.tgz',
verbose addRemoteTarball   'f522372289835c419e7210824357dd5aaad29638' ]
verbose mkdir (expected) error ENOENT, no such file or directory '/var/folders/kh/2qw42vdn079bqw4dv9lzxp2h0000gn/T/npm-1331673083752'
verbose mkdir (expected) error ENOENT, no such file or directory '/var/folders/kh/2qw42vdn079bqw4dv9lzxp2h0000gn/T/npm-1331673083752/1331673083752-0.028857227880507708'
verbose mkdir done: /var/folders/kh/2qw42vdn079bqw4dv9lzxp2h0000gn/T/npm-1331673083752/1331673083752-0.028857227880507708 755
verbose fetch to /var/folders/kh/2qw42vdn079bqw4dv9lzxp2h0000gn/T/npm-1331673083752/1331673083752-0.028857227880507708/tmp.tgz
http GET https://registry.npmjs.org/supervisor/-/supervisor-0.3.0.tgz
http 200 https://registry.npmjs.org/supervisor/-/supervisor-0.3.0.tgz
silly updated sha bytes 3964
info shasum f522372289835c419e7210824357dd5aaad29638
info shasum /var/folders/kh/2qw42vdn079bqw4dv9lzxp2h0000gn/T/npm-1331673083752/1331673083752-0.028857227880507708/tmp.tgz
verbose mkdir (expected) error ENOENT, no such file or directory '/var/folders/kh/2qw42vdn079bqw4dv9lzxp2h0000gn/T/npm-1331673083752/1331673083752-0.028857227880507708/___package.npm'
verbose mkdir done: /var/folders/kh/2qw42vdn079bqw4dv9lzxp2h0000gn/T/npm-1331673083752/1331673083752-0.028857227880507708/___package.npm 755
verbose unpack_ uid, gid [ undefined, undefined ]
verbose unpackTarget /var/folders/kh/2qw42vdn079bqw4dv9lzxp2h0000gn/T/npm-1331673083752/1331673083752-0.028857227880507708/package
silly gunzTarPerm modes [ '755', '644' ]
silly afterUntar ok
silly asyncMap in gTP /var/folders/kh/2qw42vdn079bqw4dv9lzxp2h0000gn/T/npm-1331673083752/1331673083752-0.028857227880507708/___package.npm/package
silly asyncMap in gTP /var/folders/kh/2qw42vdn079bqw4dv9lzxp2h0000gn/T/npm-1331673083752/1331673083752-0.028857227880507708/___package.npm/package/package.json
silly asyncMap in gTP /var/folders/kh/2qw42vdn079bqw4dv9lzxp2h0000gn/T/npm-1331673083752/1331673083752-0.028857227880507708/___package.npm/package/README.md
silly asyncMap in gTP /var/folders/kh/2qw42vdn079bqw4dv9lzxp2h0000gn/T/npm-1331673083752/1331673083752-0.028857227880507708/___package.npm/package/lib
silly asyncMap in gTP /var/folders/kh/2qw42vdn079bqw4dv9lzxp2h0000gn/T/npm-1331673083752/1331673083752-0.028857227880507708/___package.npm/package/lib/cli-wrapper.js
silly asyncMap in gTP /var/folders/kh/2qw42vdn079bqw4dv9lzxp2h0000gn/T/npm-1331673083752/1331673083752-0.028857227880507708/___package.npm/package/lib/supervisor.js
verbose gunzed /var/folders/kh/2qw42vdn079bqw4dv9lzxp2h0000gn/T/npm-1331673083752/1331673083752-0.028857227880507708/___package.npm/package
verbose rm'ed /var/folders/kh/2qw42vdn079bqw4dv9lzxp2h0000gn/T/npm-1331673083752/1331673083752-0.028857227880507708/package
verbose renamed [ '/var/folders/kh/2qw42vdn079bqw4dv9lzxp2h0000gn/T/npm-1331673083752/1331673083752-0.028857227880507708/___package.npm/package',
verbose renamed   '/var/folders/kh/2qw42vdn079bqw4dv9lzxp2h0000gn/T/npm-1331673083752/1331673083752-0.028857227880507708/package' ]
verbose caching /var/folders/kh/2qw42vdn079bqw4dv9lzxp2h0000gn/T/npm-1331673083752/1331673083752-0.028857227880507708/package/package.json
verbose loadDefaults supervisor@0.3.0
verbose tarball contents [ 'package', 'tmp.tgz' ]
verbose from cache /var/folders/kh/2qw42vdn079bqw4dv9lzxp2h0000gn/T/npm-1331673083752/1331673083752-0.028857227880507708/package/package.json
verbose pack /var/folders/kh/2qw42vdn079bqw4dv9lzxp2h0000gn/T/npm-1331673083752/1331673083752-0.028857227880507708/package
verbose pack /var/folders/kh/2qw42vdn079bqw4dv9lzxp2h0000gn/T/npm-1331673083752/1331673083752-0.028857227880507708/package /Users/zak/.npm/supervisor/0.3.0/package.tgz
silly makeList /var/folders/kh/2qw42vdn079bqw4dv9lzxp2h0000gn/T/npm-1331673083752/1331673083752-0.028857227880507708/package
silly dir, dirLen [ '/var/folders/kh/2qw42vdn079bqw4dv9lzxp2h0000gn/T/npm-1331673083752/1331673083752-0.028857227880507708/package',
silly dir, dirLen   110 ]
verbose tarball /Users/zak/.npm/supervisor/0.3.0/package.tgz
verbose parent /var/folders/kh/2qw42vdn079bqw4dv9lzxp2h0000gn/T/npm-1331673083752/1331673083752-0.028857227880507708/package
verbose mkdir (expected) error ENOENT, no such file or directory '/Users/zak/.npm/supervisor/0.3.0/___package.npm'
verbose mkdir done: /Users/zak/.npm/supervisor/0.3.0/___package.npm 755
verbose unpack_ uid, gid [ undefined, undefined ]
verbose unpackTarget /Users/zak/.npm/supervisor/0.3.0/package
silly gunzTarPerm modes [ '755', '644' ]
silly afterUntar ok
silly asyncMap in gTP /Users/zak/.npm/supervisor/0.3.0/___package.npm/package
silly asyncMap in gTP /Users/zak/.npm/supervisor/0.3.0/___package.npm/package/package.json
silly asyncMap in gTP /Users/zak/.npm/supervisor/0.3.0/___package.npm/package/README.md
silly asyncMap in gTP /Users/zak/.npm/supervisor/0.3.0/___package.npm/package/lib
silly asyncMap in gTP /Users/zak/.npm/supervisor/0.3.0/___package.npm/package/lib/cli-wrapper.js
silly asyncMap in gTP /Users/zak/.npm/supervisor/0.3.0/___package.npm/package/lib/supervisor.js
verbose gunzed /Users/zak/.npm/supervisor/0.3.0/___package.npm/package
verbose rm'ed /Users/zak/.npm/supervisor/0.3.0/package
verbose renamed [ '/Users/zak/.npm/supervisor/0.3.0/___package.npm/package',
verbose renamed   '/Users/zak/.npm/supervisor/0.3.0/package' ]
verbose caching /Users/zak/.npm/supervisor/0.3.0/package/package.json
verbose loadDefaults supervisor@0.3.0
silly updated sha bytes 3969
info shasum 73ce6d5488e8e12c4092bfb429a683d9d862b05d
info shasum /Users/zak/.npm/supervisor/0.3.0/package.tgz
verbose from cache /Users/zak/.npm/supervisor/0.3.0/package/package.json
verbose chmod /Users/zak/.npm/supervisor/0.3.0/package.tgz 644
verbose chown [ '/Users/zak/.npm/supervisor/0.3.0/package.tgz', 501, 20 ]
silly resolved [ { name: 'supervisor',
silly resolved     version: '0.3.0',
silly resolved     description: 'A supervisor program for running nodejs programs',
silly resolved     author: { name: 'Isaac Z. Schlueter', email: 'i@izs.me' },
silly resolved     contributors: 
silly resolved      [ { name: 'Brian Ehmann', email: 'behmann@gmail.com' },
silly resolved        { name: 'David Taylor', email: 'david@zensatellite.com' },
silly resolved        { name: 'Antonio Touriño', email: 'atourino@gmail.com' },
silly resolved        { name: 'Ian Young', email: 'ian.greenleaf@gmail.com' },
silly resolved        { name: 'Corey Jewett', email: 'cj@syntheticplayground.com' } ],
silly resolved     main: 'lib/supervisor.js',
silly resolved     bin: 
silly resolved      { 'node-supervisor': 'lib/cli-wrapper.js',
silly resolved        supervisor: 'lib/cli-wrapper.js' },
silly resolved     engines: { node: '~0.3.7 || 0.4 || 0.5 || 0.6' },
silly resolved     preferGlobal: true,
silly resolved     _id: 'supervisor@0.3.0',
silly resolved     dependencies: {},
silly resolved     devDependencies: {},
silly resolved     optionalDependencies: {},
silly resolved     _engineSupported: true,
silly resolved     _npmVersion: '1.1.4',
silly resolved     _nodeVersion: 'v0.6.12',
silly resolved     _defaultsLoaded: true,
silly resolved     dist: { shasum: '73ce6d5488e8e12c4092bfb429a683d9d862b05d' },
silly resolved     _from: 'supervisor' } ]
info into /usr/local/lib supervisor@0.3.0
info installOne supervisor@0.3.0
verbose from cache /Users/zak/.npm/supervisor/0.3.0/package/package.json
info unbuild /usr/local/lib/node_modules/supervisor
verbose mkdir (expected) error ENOENT, no such file or directory '/usr/local/lib/node_modules/___supervisor.npm'
verbose unpack_ uid, gid [ undefined, undefined ]
verbose unpackTarget /usr/local/lib/node_modules/supervisor
ERR! Could not create /usr/local/lib/node_modules/___supervisor.npm
ERR! error installing supervisor@0.3.0
info unbuild /usr/local/lib/node_modules/supervisor
verbose installOne cb supervisor@0.3.0
ERR! Error: EACCES, permission denied '/usr/local/lib/node_modules/___supervisor.npm'
ERR! 
ERR! Please try running this command again as root/Administrator.
ERR! 
ERR! System Darwin 11.3.0
ERR! command "node" "/usr/local/bin/npm" "install" "-g" "supervisor"
ERR! cwd /Users/zak/Dropbox/05 SANDBOX/APTANA/Textopoly/svr/textopoly
ERR! node -v v0.6.12
ERR! npm -v 1.1.4
ERR! path /usr/local/lib/node_modules/___supervisor.npm
ERR! code EACCES
ERR! message EACCES, permission denied '/usr/local/lib/node_modules/___supervisor.npm'
ERR! errno {}
verbose exit [ 1, true ]
